-------------------------------------------------------------------------------
Test set: com.concretepage.controllertest.LoginControllerTest
-------------------------------------------------------------------------------
Tests run: 1, Failures: 0, Errors: 1, Skipped: 0, Time elapsed: 0.5 s <<< FAILURE! - in com.concretepage.controllertest.LoginControllerTest
initializationError(com.concretepage.controllertest.LoginControllerTest)  Time elapsed: 0.016 s  <<< ERROR!
java.lang.Exception: No runnable methods

